data/
data/cldr/
data/cldr/wn-cldr-slv.tab
data/cldr/wn-cldr-tir.tab
data/cldr/wn-cldr-pus.tab
data/cldr/wn-cldr-kaz.tab
data/cldr/wn-cldr-kor.tab
data/cldr/wn-cldr-tel.tab
data/cldr/wn-cldr-swa.tab
data/cldr/wn-cldr-khm.tab
data/cldr/wn-cldr-tgk.tab
data/cldr/wn-cldr-mkd.tab
data/cldr/wn-cldr-mlt.tab
data/cldr/wn-cldr-isl.tab
data/cldr/wn-cldr-oci.tab
data/cldr/wn-cldr-nno.tab
data/cldr/wn-cldr-tur.tab
data/cldr/wn-cldr-ibo.tab
data/cldr/wn-cldr-glg.tab
data/cldr/wn-cldr-hrv.tab
data/cldr/wn-cldr-bre.tab
data/cldr/wn-cldr-fas.tab
data/cldr/wn-cldr-zul.tab
data/cldr/wn-cldr-ell.tab
data/cldr/wn-cldr-fao.tab
data/cldr/wn-cldr-cmn.tab
data/cldr/wn-cldr-gla.tab
data/cldr/wn-cldr-nep.tab
data/cldr/wn-cldr-jpn.tab
data/cldr/wn-cldr-cor.tab
data/cldr/wn-cldr-kat.tab
data/cldr/wn-cldr-epo.tab
data/cldr/wn-cldr-ori.tab
data/cldr/wn-cldr-pol.tab
data/cldr/wn-cldr-orm.tab
data/cldr/wn-cldr-lug.tab
data/cldr/wn-cldr-ton.tab
data/cldr/wn-cldr-swe.tab
data/cldr/wn-cldr-aka.tab
data/cldr/wn-cldr-iii.tab
data/cldr/wn-cldr-lao.tab
data/cldr/wn-cldr-sag.tab
data/cldr/wn-cldr-cat.tab
data/cldr/wn-cldr-fra.tab
data/cldr/wn-cldr-kir.tab
data/cldr/wn-cldr-eus.tab
data/cldr/wn-cldr-hin.tab
data/cldr/wn-cldr-bos.tab
data/cldr/wn-cldr-ina.tab
data/cldr/wn-cldr-hye.tab
data/cldr/wn-cldr-afr.tab
data/cldr/wn-cldr-lub.tab
data/cldr/wn-cldr-amh.tab
data/cldr/wn-cldr-lav.tab
data/cldr/wn-cldr-glv.tab
data/cldr/wn-cldr-sna.tab
data/cldr/wn-cldr-lin.tab
data/cldr/wn-cldr-gle.tab
data/cldr/wn-cldr-arb.tab
data/cldr/wn-cldr-nld.tab
data/cldr/wn-cldr-kan.tab
data/cldr/wn-cldr-ben.tab
data/cldr/wn-cldr-ewe.tab
data/cldr/wn-cldr-ces.tab
data/cldr/wn-cldr-zsm.tab
data/cldr/wn-cldr-som.tab
data/cldr/wn-cldr-sme.tab
data/cldr/wn-cldr-ssw.tab
data/cldr/wn-cldr-ita.tab
data/cldr/LICENSE
data/cldr/wn-cldr-vie.tab
data/cldr/wn-cldr-kal.tab
data/cldr/wn-cldr-lit.tab
data/cldr/wn-cldr-ind.tab
data/cldr/wn-cldr-spa.tab
data/cldr/wn-cldr-asm.tab
data/cldr/wn-cldr-hun.tab
data/cldr/wn-cldr-nbl.tab
data/cldr/wn-cldr-rus.tab
data/cldr/wn-cldr-pan.tab
data/cldr/wn-cldr-mar.tab
data/cldr/wn-cldr-tsn.tab
data/cldr/wn-cldr-kin.tab
data/cldr/wn-cldr-yor.tab
data/cldr/wn-cldr-tam.tab
data/cldr/wn-cldr-roh.tab
data/cldr/wn-cldr-dzo.tab
data/cldr/wn-cldr-ron.tab
data/cldr/wn-cldr-aar.tab
data/cldr/wn-cldr-ful.tab
data/cldr/wn-cldr-mya.tab
data/cldr/wn-cldr-urd.tab
data/cldr/wn-cldr-bod.tab
data/cldr/wn-cldr-ven.tab
data/cldr/wn-cldr-ukr.tab
data/cldr/wn-cldr-dan.tab
data/cldr/wn-cldr-aze.tab
data/cldr/wn-cldr-por.tab
data/cldr/wn-cldr-sot.tab
data/cldr/wn-cldr-tso.tab
data/cldr/wn-cldr-sin.tab
data/cldr/wn-cldr-mlg.tab
data/cldr/wn-cldr-fin.tab
data/cldr/wn-cldr-kik.tab
data/cldr/wn-cldr-cym.tab
data/cldr/wn-cldr-eng.tab
data/cldr/wn-cldr-run.tab
data/cldr/wn-cldr-bam.tab
data/cldr/wn-cldr-mal.tab
data/cldr/wn-cldr-guj.tab
data/cldr/wn-cldr-srp.tab
data/cldr/wn-cldr-hau.tab
data/cldr/wn-cldr-als.tab
data/cldr/wn-cldr-deu.tab
data/cldr/wn-cldr-mon.tab
data/cldr/wn-cldr-est.tab
data/cldr/wn-cldr-tha.tab
data/cldr/wn-cldr-nde.tab
data/cldr/wn-cldr-bul.tab
data/cldr/wn-cldr-slk.tab
data/cldr/wn-cldr-heb.tab
data/cldr/wn-cldr-nob.tab
data/cldr/wn-cldr-xho.tab
data/cldr/wn-cldr-bel.tab
data/cldr/wn-cldr-uzb.tab
data/wordnetwiktionaryalignments-2013-02-19.tsv
data/wikt/
data/wikt/wn-wikt-gsw.tab
data/wikt/wn-wikt-pro.tab
data/wikt/wn-wikt-*roa-nor.tab
data/wikt/wn-wikt-bpr.tab
data/wikt/wn-wikt-ctm.tab
data/wikt/wn-wikt-wes.tab
data/wikt/wn-wikt-men.tab
data/wikt/wn-wikt-jam.tab
data/wikt/wn-wikt-rkb.tab
data/wikt/wn-wikt-mrh.tab
data/wikt/wn-wikt-wuu.tab
data/wikt/wn-wikt-ksh.tab
data/wikt/wn-wikt-fkv.tab
data/wikt/wn-wikt-yuc.tab
data/wikt/wn-wikt-slk.tab
data/wikt/wn-wikt-ndo.tab
data/wikt/wn-wikt-mnt.tab
data/wikt/wn-wikt-wim.tab
data/wikt/wn-wikt-lui.tab
data/wikt/wn-wikt-ryu.tab
data/wikt/wn-wikt-plg.tab
data/wikt/wn-wikt-mer.tab
data/wikt/wn-wikt-ilb.tab
data/wikt/wn-wikt-pmt.tab
data/wikt/wn-wikt-xug.tab
data/wikt/wn-wikt-shi.tab
data/wikt/wn-wikt-ido.tab
data/wikt/wn-wikt-mwf.tab
data/wikt/wn-wikt-*pt-pt.tab
data/wikt/wn-wikt-coo.tab
data/wikt/wn-wikt-ivv.tab
data/wikt/wn-wikt-*nah.tab
data/wikt/wn-wikt-hau.tab
data/wikt/wn-wikt-pad.tab
data/wikt/wn-wikt-aym.tab
data/wikt/wn-wikt-ton.tab
data/wikt/wn-wikt-tcx.tab
data/wikt/wn-wikt-ell.tab
data/wikt/wn-wikt-dgr.tab
data/wikt/wn-wikt-kim.tab
data/wikt/wn-wikt-dua.tab
data/wikt/wn-wikt-amm.tab
data/wikt/wn-wikt-vma.tab
data/wikt/wn-wikt-amn.tab
data/wikt/wn-wikt-fro.tab
data/wikt/wn-wikt-*map-bms.tab
data/wikt/wn-wikt-kha.tab
data/wikt/wn-wikt-del.tab
data/wikt/wn-wikt-naq.tab
data/wikt/wn-wikt-ess.tab
data/wikt/wn-wikt-amh.tab
data/wikt/wn-wikt-sjo.tab
data/wikt/wn-wikt-ron.tab
data/wikt/wn-wikt-nci.tab
data/wikt/wn-wikt-guz.tab
data/wikt/wn-wikt-gul.tab
data/wikt/wn-wikt-rue.tab
data/wikt/wn-wikt-esu.tab
data/wikt/wn-wikt-twi.tab
data/wikt/wn-wikt-sat.tab
data/wikt/wn-wikt-kky.tab
data/wikt/wn-wikt-ile.tab
data/wikt/wn-wikt-vep.tab
data/wikt/wn-wikt-ram.tab
data/wikt/wn-wikt-dif.tab
data/wikt/wn-wikt-txh.tab
data/wikt/wn-wikt-swa.tab
data/wikt/wn-wikt-fas.tab
data/wikt/wn-wikt-dbl.tab
data/wikt/wn-wikt-tgl.tab
data/wikt/wn-wikt-bar.tab
data/wikt/wn-wikt-run.tab
data/wikt/wn-wikt-sjd.tab
data/wikt/wn-wikt-kas.tab
data/wikt/wn-wikt-kum.tab
data/wikt/wn-wikt-kat.tab
data/wikt/wn-wikt-ceb.tab
data/wikt/wn-wikt-ruo.tab
data/wikt/wn-wikt-zza.tab
data/wikt/wn-wikt-xlc.tab
data/wikt/wn-wikt-smr.tab
data/wikt/wn-wikt-iso639_3.tab
data/wikt/wn-wikt-kru.tab
data/wikt/wn-wikt-kde.tab
data/wikt/wn-wikt-bdr.tab
data/wikt/wn-wikt-pcm.tab
data/wikt/wn-wikt-rus.tab
data/wikt/wn-wikt-ipk.tab
data/wikt/wn-wikt-kap.tab
data/wikt/wn-wikt-rnn.tab
data/wikt/wn-wikt-pur.tab
data/wikt/wn-wikt-yux.tab
data/wikt/wn-wikt-tkr.tab
data/wikt/wn-wikt-sus.tab
data/wikt/wn-wikt-eng.tab
data/wikt/wn-wikt-qui.tab
data/wikt/wn-wikt-ikt.tab
data/wikt/wn-wikt-doz.tab
data/wikt/wn-wikt-*smi.tab
data/wikt/wn-wikt-pon.tab
data/wikt/wn-wikt-xsu.tab
data/wikt/wn-wikt-jdt.tab
data/wikt/wn-wikt-gby.tab
data/wikt/wn-wikt-cym.tab
data/wikt/wn-wikt-bcr.tab
data/wikt/wn-wikt-rtm.tab
data/wikt/wn-wikt-kjj.tab
data/wikt/wn-wikt-jup.tab
data/wikt/wn-wikt-ckt.tab
data/wikt/wn-wikt-cop.tab
data/wikt/wn-wikt-cav.tab
data/wikt/wn-wikt-*nds-nl.tab
data/wikt/wn-wikt-alr.tab
data/wikt/wn-wikt-umu.tab
data/wikt/wn-wikt-srd.tab
data/wikt/wn-wikt-qvi.tab
data/wikt/wn-wikt-pan.tab
data/wikt/wn-wikt-nhx.tab
data/wikt/wn-wikt-oss.tab
data/wikt/wn-wikt-hmf.tab
data/wikt/wn-wikt-mya.tab
data/wikt/wn-wikt-maa.tab
data/wikt/wn-wikt-tvl.tab
data/wikt/wn-wikt-tnt.tab
data/wikt/wn-wikt-scn.tab
data/wikt/wn-wikt-cuh.tab
data/wikt/wn-wikt-ase.tab
data/wikt/wn-wikt-rmf.tab
data/wikt/wn-wikt-ary.tab
data/wikt/wn-wikt-iso.tab
data/wikt/wn-wikt-osa.tab
data/wikt/wn-wikt-mri.tab
data/wikt/wn-wikt-arp.tab
data/wikt/wn-wikt-urb.tab
data/wikt/wn-wikt-koi.tab
data/wikt/wn-wikt-kan.tab
data/wikt/wn-wikt-lif.tab
data/wikt/wn-wikt-oci.tab
data/wikt/wn-wikt-mdf.tab
data/wikt/wn-wikt-sln.tab
data/wikt/wn-wikt-tpw.tab
data/wikt/wn-wikt-bdp.tab
data/wikt/wn-wikt-*roa-ptg.tab
data/wikt/wn-wikt-bjn.tab
data/wikt/wn-wikt-xtb.tab
data/wikt/wn-wikt-hop.tab
data/wikt/wn-wikt-tso.tab
data/wikt/wn-wikt-umb.tab
data/wikt/wn-wikt-unr.tab
data/wikt/wn-wikt-bam.tab
data/wikt/wn-wikt-pox.tab
data/wikt/wn-wikt-ksw.tab
data/wikt/wn-wikt-spa.tab
data/wikt/wn-wikt-ckv.tab
data/wikt/wn-wikt-udm.tab
data/wikt/wn-wikt-hoc.tab
data/wikt/wn-wikt-str.tab
data/wikt/wn-wikt-als.tab
data/wikt/wn-wikt-rgn.tab
data/wikt/wn-wikt-xnb.tab
data/wikt/wn-wikt-wyb.tab
data/wikt/wn-wikt-sma.tab
data/wikt/wn-wikt-mpe.tab
data/wikt/wn-wikt-lib.tab
data/wikt/wn-wikt-src.tab
data/wikt/wn-wikt-lld.tab
data/wikt/wn-wikt-myp.tab
data/wikt/wn-wikt-mga.tab
data/wikt/wn-wikt-xsy.tab
data/wikt/wn-wikt-abt.tab
data/wikt/wn-wikt-cmg.tab
data/wikt/wn-wikt-pis.tab
data/wikt/wn-wikt-fon.tab
data/wikt/wn-wikt-krc.tab
data/wikt/wn-wikt-afr.tab
data/wikt/wn-wikt-ett.tab
data/wikt/wn-wikt-cje.tab
data/wikt/wn-wikt-tog.tab
data/wikt/wn-wikt-gae.tab
data/wikt/wn-wikt-gwc.tab
data/wikt/wn-wikt-*pgl.tab
data/wikt/wn-wikt-ilo.tab
data/wikt/wn-wikt-qua.tab
data/wikt/wn-wikt-wrh.tab
data/wikt/wn-wikt-*sem-srb.tab
data/wikt/wn-wikt-cha.tab
data/wikt/wn-wikt-nau.tab
data/wikt/wn-wikt-mpd.tab
data/wikt/wn-wikt-lus.tab
data/wikt/wn-wikt-kju.tab
data/wikt/wn-wikt-xum.tab
data/wikt/wn-wikt-awn.tab
data/wikt/wn-wikt-xsl.tab
data/wikt/wn-wikt-nav.tab
data/wikt/wn-wikt-aan.tab
data/wikt/wn-wikt-wun.tab
data/wikt/wn-wikt-moc.tab
data/wikt/wn-wikt-dlm.tab
data/wikt/wn-wikt-abv.tab
data/wikt/wn-wikt-knn.tab
data/wikt/wn-wikt-aaq.tab
data/wikt/wn-wikt-oji.tab
data/wikt/wn-wikt-*zh-yue.tab
data/wikt/wn-wikt-hnd.tab
data/wikt/wn-wikt-for.tab
data/wikt/wn-wikt-lbj.tab
data/wikt/wn-wikt-*iro-min.tab
data/wikt/wn-wikt-neg.tab
data/wikt/wn-wikt-srm.tab
data/wikt/wn-wikt-pav.tab
data/wikt/wn-wikt-aeb.tab
data/wikt/wn-wikt-txo.tab
data/wikt/wn-wikt-drl.tab
data/wikt/wn-wikt-fao.tab
data/wikt/wn-wikt-tlh.tab
data/wikt/wn-wikt-ajp.tab
data/wikt/wn-wikt-vic.tab
data/wikt/wn-wikt-tnq.tab
data/wikt/wn-wikt-unm.tab
data/wikt/wn-wikt-grt.tab
data/wikt/wn-wikt-swb.tab
data/wikt/wn-wikt-shs.tab
data/wikt/wn-wikt-frp.tab
data/wikt/wn-wikt-ibo.tab
data/wikt/wn-wikt-hat.tab
data/wikt/wn-wikt-hye.tab
data/wikt/wn-wikt-gan.tab
data/wikt/wn-wikt-tcs.tab
data/wikt/wn-wikt-btx.tab
data/wikt/wn-wikt-kut.tab
data/wikt/wn-wikt-krd.tab
data/wikt/wn-wikt-cuk.tab
data/wikt/wn-wikt-her.tab
data/wikt/wn-wikt-xeb.tab
data/wikt/wn-wikt-bbc.tab
data/wikt/wn-wikt-asb.tab
data/wikt/wn-wikt-ami.tab
data/wikt/wn-wikt-lag.tab
data/wikt/wn-wikt-frk.tab
data/wikt/wn-wikt-atv.tab
data/wikt/wn-wikt-akk.tab
data/wikt/wn-wikt-pot.tab
data/wikt/wn-wikt-yoi.tab
data/wikt/wn-wikt-mid.tab
data/wikt/wn-wikt-bnn.tab
data/wikt/wn-wikt-bph.tab
data/wikt/wn-wikt-aka.tab
data/wikt/wn-wikt-tsg.tab
data/wikt/wn-wikt-tbd.tab
data/wikt/wn-wikt-cji.tab
data/wikt/wn-wikt-kho.tab
data/wikt/wn-wikt-cab.tab
data/wikt/wn-wikt-tsn.tab
data/wikt/wn-wikt-trv.tab
data/wikt/wn-wikt-moh.tab
data/wikt/wn-wikt-shn.tab
data/wikt/wn-wikt-mwr.tab
data/wikt/wn-wikt-*roa-gal.tab
data/wikt/wn-wikt-peh.tab
data/wikt/wn-wikt-dum.tab
data/wikt/wn-wikt-sas.tab
data/wikt/wn-wikt-xsv.tab
data/wikt/wn-wikt-kam.tab
data/wikt/wn-wikt-hil.tab
data/wikt/wn-wikt-gom.tab
data/wikt/wn-wikt-dng.tab
data/wikt/wn-wikt-lmo.tab
data/wikt/wn-wikt-san.tab
data/wikt/wn-wikt-ssw.tab
data/wikt/wn-wikt-ind.tab
data/wikt/wn-wikt-doi.tab
data/wikt/wn-wikt-tli.tab
data/wikt/wn-wikt-wbp.tab
data/wikt/wn-wikt-bug.tab
data/wikt/wn-wikt-kre.tab
data/wikt/wn-wikt-kwf.tab
data/wikt/wn-wikt-sot.tab
data/wikt/wn-wikt-smj.tab
data/wikt/wn-wikt-cjs.tab
data/wikt/wn-wikt-ven.tab
data/wikt/wn-wikt-xto.tab
data/wikt/wn-wikt-paw.tab
data/wikt/wn-wikt-sgd.tab
data/wikt/wn-wikt-alc.tab
data/wikt/wn-wikt-aoz.tab
data/wikt/wn-wikt-tzo.tab
data/wikt/wn-wikt-nay.tab
data/wikt/wn-wikt-kck.tab
data/wikt/wn-wikt-kur.tab
data/wikt/wn-wikt-akz.tab
data/wikt/wn-wikt-opy.tab
data/wikt/wn-wikt-ain.tab
data/wikt/wn-wikt-mkd.tab
data/wikt/wn-wikt-kyr.tab
data/wikt/wn-wikt-hks.tab
data/wikt/wn-wikt-xdc.tab
data/wikt/wn-wikt-mdr.tab
data/wikt/wn-wikt-ais.tab
data/wikt/wn-wikt-tab.tab
data/wikt/wn-wikt-ang.tab
data/wikt/wn-wikt-wls.tab
data/wikt/wn-wikt-*vita.tab
data/wikt/wn-wikt-kmz.tab
data/wikt/wn-wikt-bik.tab
data/wikt/wn-wikt-ona.tab
data/wikt/wn-wikt-api.tab
data/wikt/wn-wikt-nld.tab
data/wikt/wn-wikt-kok.tab
data/wikt/wn-wikt-inh.tab
data/wikt/wn-wikt-hmo.tab
data/wikt/wn-wikt-sna.tab
data/wikt/wn-wikt-hun.tab
data/wikt/wn-wikt-agg.tab
data/wikt/wn-wikt-mns.tab
data/wikt/wn-wikt-szl.tab
data/wikt/wn-wikt-xpr.tab
data/wikt/wn-wikt-obi.tab
data/wikt/wn-wikt-glv.tab
data/wikt/wn-wikt-ruq.tab
data/wikt/wn-wikt-khv.tab
data/wikt/wn-wikt-abk.tab
data/wikt/wn-wikt-djk.tab
data/wikt/wn-wikt-sah.tab
data/wikt/wn-wikt-pim.tab
data/wikt/wn-wikt-gag.tab
data/wikt/wn-wikt-chg.tab
data/wikt/wn-wikt-*cel-gau.tab
data/wikt/wn-wikt-lep.tab
data/wikt/wn-wikt-snd.tab
data/wikt/wn-wikt-anz.tab
data/wikt/wn-wikt-prs.tab
data/wikt/wn-wikt-hus.tab
data/wikt/wn-wikt-lam.tab
data/wikt/wn-wikt-tur.tab
data/wikt/wn-wikt-moe.tab
data/wikt/wn-wikt-ckb.tab
data/wikt/wn-wikt-nap.tab
data/wikt/wn-wikt-arz.tab
data/wikt/wn-wikt-sel.tab
data/wikt/wn-wikt-tat.tab
data/wikt/wn-wikt-kxv.tab
data/wikt/wn-wikt-kpp.tab
data/wikt/wn-wikt-amp.tab
data/wikt/wn-wikt-zro.tab
data/wikt/wn-wikt-knw.tab
data/wikt/wn-wikt-slv.tab
data/wikt/wn-wikt-*zlw-opl.tab
data/wikt/wn-wikt-lao.tab
data/wikt/wn-wikt-kfc.tab
data/wikt/wn-wikt-guq.tab
data/wikt/wn-wikt-tfn.tab
data/wikt/wn-wikt-rap.tab
data/wikt/wn-wikt-alt.tab
data/wikt/wn-wikt-pol.tab
data/wikt/wn-wikt-epo.tab
data/wikt/wn-wikt-bel.tab
data/wikt/wn-wikt-bua.tab
data/wikt/wn-wikt-aro.tab
data/wikt/wn-wikt-lij.tab
data/wikt/wn-wikt-hwc.tab
data/wikt/wn-wikt-hin.tab
data/wikt/wn-wikt-eve.tab
data/wikt/wn-wikt-xsr.tab
data/wikt/wn-wikt-chm.tab
data/wikt/wn-wikt-jpn.tab
data/wikt/wn-wikt-bpy.tab
data/wikt/wn-wikt-pdc.tab
data/wikt/wn-wikt-ani.tab
data/wikt/wn-wikt-kaz.tab
data/wikt/wn-wikt-kir.tab
data/wikt/wn-wikt-gej.tab
data/wikt/wn-wikt-mrj.tab
data/wikt/wn-wikt-chy.tab
data/wikt/wn-wikt-non.tab
data/wikt/wn-wikt-cat.tab
data/wikt/wn-wikt-vls.tab
data/wikt/wn-wikt-rop.tab
data/wikt/wn-wikt-mhj.tab
data/wikt/wn-wikt-pnt.tab
data/wikt/wn-wikt-enm.tab
data/wikt/wn-wikt-fia.tab
data/wikt/wn-wikt-nmn.tab
data/wikt/wn-wikt-ims.tab
data/wikt/wn-wikt-ben.tab
data/wikt/wn-wikt-jmd.tab
data/wikt/wn-wikt-arr.tab
data/wikt/wn-wikt-arc.tab
data/wikt/wn-wikt-cic.tab
data/wikt/wn-wikt-ofs.tab
data/wikt/wn-wikt-pnb.tab
data/wikt/wn-wikt-ior.tab
data/wikt/wn-wikt-ttt.tab
data/wikt/wn-wikt-add.tab
data/wikt/wn-wikt-kxu.tab
data/wikt/wn-wikt-xas.tab
data/wikt/wn-wikt-sgw.tab
data/wikt/wn-wikt-zav.tab
data/wikt/wn-wikt-gml.tab
data/wikt/wn-wikt-nys.tab
data/wikt/wn-wikt-bej.tab
data/wikt/wn-wikt-ams.tab
data/wikt/wn-wikt-blt.tab
data/wikt/wn-wikt-*fet.tab
data/wikt/wn-wikt-mvv.tab
data/wikt/wn-wikt-mlg.tab
data/wikt/wn-wikt-ood.tab
data/wikt/wn-wikt-krl.tab
data/wikt/wn-wikt-sli.tab
data/wikt/wn-wikt-bft.tab
data/wikt/wn-wikt-hak.tab
data/wikt/wn-wikt-shb.tab
data/wikt/wn-wikt-sgh.tab
data/wikt/wn-wikt-meu.tab
data/wikt/wn-wikt-hbs.tab
data/wikt/wn-wikt-pfl.tab
data/wikt/wn-wikt-mwp.tab
data/wikt/wn-wikt-srb.tab
data/wikt/wn-wikt-osp.tab
data/wikt/wn-wikt-mzn.tab
data/wikt/wn-wikt-sil.tab
data/wikt/wn-wikt-pwn.tab
data/wikt/wn-wikt-tgt.tab
data/wikt/wn-wikt-wol.tab
data/wikt/wn-wikt-sgc.tab
data/wikt/wn-wikt-hit.tab
data/wikt/wn-wikt-gmh.tab
data/wikt/wn-wikt-ibl.tab
data/wikt/wn-wikt-fit.tab
data/wikt/wn-wikt-egy.tab
data/wikt/wn-wikt-gon.tab
data/wikt/wn-wikt-mdh.tab
data/wikt/wn-wikt-*tj.tab
data/wikt/wn-wikt-vec.tab
data/wikt/wn-wikt-apd.tab
data/wikt/wn-wikt-tah.tab
data/wikt/wn-wikt-wig.tab
data/wikt/wn-wikt-sag.tab
data/wikt/wn-wikt-yol.tab
data/wikt/wn-wikt-hif.tab
data/wikt/wn-wikt-bou.tab
data/wikt/wn-wikt-zko.tab
data/wikt/wn-wikt-apw.tab
data/wikt/wn-wikt-brh.tab
data/wikt/wn-wikt-cro.tab
data/wikt/wn-wikt-cku.tab
data/wikt/wn-wikt-sga.tab
data/wikt/wn-wikt-mpq.tab
data/wikt/wn-wikt-tsu.tab
data/wikt/wn-wikt-nnt.tab
data/wikt/wn-wikt-uzb.tab
data/wikt/wn-wikt-tiw.tab
data/wikt/wn-wikt-ojw.tab
data/wikt/wn-wikt-vot.tab
data/wikt/wn-wikt-mjg.tab
data/wikt/wn-wikt-lnd.tab
data/wikt/wn-wikt-tzm.tab
data/wikt/wn-wikt-esh.tab
data/wikt/wn-wikt-bem.tab
data/wikt/wn-wikt-mbl.tab
data/wikt/wn-wikt-bak.tab
data/wikt/wn-wikt-uum.tab
data/wikt/wn-wikt-nds.tab
data/wikt/wn-wikt-kdr.tab
data/wikt/wn-wikt-sco.tab
data/wikt/wn-wikt-loz.tab
data/wikt/wn-wikt-roh.tab
data/wikt/wn-wikt-mak.tab
data/wikt/wn-wikt-gun.tab
data/wikt/wn-wikt-onw.tab
data/wikt/wn-wikt-ltg.tab
data/wikt/wn-wikt-vah.tab
data/wikt/wn-wikt-nym.tab
data/wikt/wn-wikt-hmn.tab
data/wikt/wn-wikt-wal.tab
data/wikt/wn-wikt-bho.tab
data/wikt/wn-wikt-chv.tab
data/wikt/wn-wikt-izh.tab
data/wikt/wn-wikt-xnt.tab
data/wikt/wn-wikt-lzz.tab
data/wikt/wn-wikt-ayl.tab
data/wikt/wn-wikt-inz.tab
data/wikt/wn-wikt-mwd.tab
data/wikt/wn-wikt-shu.tab
data/wikt/wn-wikt-nsk.tab
data/wikt/wn-wikt-wit.tab
data/wikt/wn-wikt-vmy.tab
data/wikt/wn-wikt-gvl.tab
data/wikt/wn-wikt-krj.tab
data/wikt/wn-wikt-yor.tab
data/wikt/wn-wikt-cad.tab
data/wikt/wn-wikt-tpi.tab
data/wikt/wn-wikt-hac.tab
data/wikt/wn-wikt-bsb.tab
data/wikt/wn-wikt-leh.tab
data/wikt/wn-wikt-nod.tab
data/wikt/wn-wikt-ksk.tab
data/wikt/wn-wikt-zea.tab
data/wikt/wn-wikt-mfy.tab
data/wikt/wn-wikt-tqw.tab
data/wikt/wn-wikt-veo.tab
data/wikt/wn-wikt-ukr.tab
data/wikt/wn-wikt-sub.tab
data/wikt/wn-wikt-lug.tab
data/wikt/wn-wikt-mal.tab
data/wikt/wn-wikt-cor.tab
data/wikt/wn-wikt-sjk.tab
data/wikt/wn-wikt-arq.tab
data/wikt/wn-wikt-mvi.tab
data/wikt/wn-wikt-smw.tab
data/wikt/wn-wikt-kmb.tab
data/wikt/wn-wikt-irk.tab
data/wikt/wn-wikt-kyh.tab
data/wikt/wn-wikt-dlg.tab
data/wikt/wn-wikt-twf.tab
data/wikt/wn-wikt-*cpe-nor.tab
data/wikt/wn-wikt-caa.tab
data/wikt/wn-wikt-kms.tab
data/wikt/wn-wikt-peo.tab
data/wikt/wn-wikt-que.tab
data/wikt/wn-wikt-rup.tab
data/wikt/wn-wikt-mlq.tab
data/wikt/wn-wikt-mas.tab
data/wikt/wn-wikt-tly.tab
data/wikt/wn-wikt-kor.tab
data/wikt/wn-wikt-zul.tab
data/wikt/wn-wikt-otk.tab
data/wikt/wn-wikt-avd.tab
data/wikt/wn-wikt-tew.tab
data/wikt/wn-wikt-tzj.tab
data/wikt/wn-wikt-kis.tab
data/wikt/wn-wikt-jra.tab
data/wikt/wn-wikt-ewe.tab
data/wikt/wn-wikt-acm.tab
data/wikt/wn-wikt-bkq.tab
data/wikt/wn-wikt-acu.tab
data/wikt/wn-wikt-nab.tab
data/wikt/wn-wikt-lav.tab
data/wikt/wn-wikt-ake.tab
data/wikt/wn-wikt-fur.tab
data/wikt/wn-wikt-duj.tab
data/wikt/wn-wikt-xlu.tab
data/wikt/wn-wikt-pjt.tab
data/wikt/wn-wikt-brg.tab
data/wikt/wn-wikt-kls.tab
data/wikt/wn-wikt-oaa.tab
data/wikt/wn-wikt-pdt.tab
data/wikt/wn-wikt-agn.tab
data/wikt/wn-wikt-zha.tab
data/wikt/wn-wikt-sce.tab
data/wikt/wn-wikt-teo.tab
data/wikt/wn-wikt-kaw.tab
data/wikt/wn-wikt-prg.tab
data/wikt/wn-wikt-rar.tab
data/wikt/wn-wikt-got.tab
data/wikt/wn-wikt-kri.tab
data/wikt/wn-wikt-bor.tab
data/wikt/wn-wikt-pny.tab
data/wikt/wn-wikt-bpz.tab
data/wikt/wn-wikt-hai.tab
data/wikt/wn-wikt-ude.tab
data/wikt/wn-wikt-kma.tab
data/wikt/wn-wikt-mhn.tab
data/wikt/wn-wikt-tao.tab
data/wikt/wn-wikt-kay.tab
data/wikt/wn-wikt-*aus-dar.tab
data/wikt/wn-wikt-niv.tab
data/wikt/wn-wikt-agd.tab
data/wikt/wn-wikt-tkl.tab
data/wikt/wn-wikt-xno.tab
data/wikt/wn-wikt-hvn.tab
data/wikt/wn-wikt-slz.tab
data/wikt/wn-wikt-cmn.tab
data/wikt/wn-wikt-arg.tab
data/wikt/wn-wikt-ssf.tab
data/wikt/wn-wikt-glg.tab
data/wikt/wn-wikt-uga.tab
data/wikt/wn-wikt-aze.tab
data/wikt/wn-wikt-lin.tab
data/wikt/wn-wikt-pao.tab
data/wikt/wn-wikt-xkl.tab
data/wikt/wn-wikt-min.tab
data/wikt/wn-wikt-bqi.tab
data/wikt/wn-wikt-hup.tab
data/wikt/wn-wikt-est.tab
data/wikt/wn-wikt-apn.tab
data/wikt/wn-wikt-mon.tab
data/wikt/wn-wikt-jao.tab
data/wikt/wn-wikt-xur.tab
data/wikt/wn-wikt-ach.tab
data/wikt/wn-wikt-asm.tab
data/wikt/wn-wikt-kom.tab
data/wikt/wn-wikt-lzh.tab
data/wikt/wn-wikt-mnk.tab
data/wikt/wn-wikt-huz.tab
data/wikt/wn-wikt-cag.tab
data/wikt/wn-wikt-mbr.tab
data/wikt/LICENSE
data/wikt/wn-wikt-rif.tab
data/wikt/wn-wikt-lad.tab
data/wikt/wn-wikt-ful.tab
data/wikt/wn-wikt-evn.tab
data/wikt/wn-wikt-krk.tab
data/wikt/wn-wikt-*roa-jer.tab
data/wikt/wn-wikt-kpy.tab
data/wikt/wn-wikt-sid.tab
data/wikt/wn-wikt-bny.tab
data/wikt/wn-wikt-ems.tab
data/wikt/wn-wikt-ari.tab
data/wikt/wn-wikt-fry.tab
data/wikt/wn-wikt-*roa-tar.tab
data/wikt/wn-wikt-bob.tab
data/wikt/wn-wikt-txb.tab
data/wikt/wn-wikt-yap.tab
data/wikt/wn-wikt-ykg.tab
data/wikt/wn-wikt-tin.tab
data/wikt/wn-wikt-lua.tab
data/wikt/wn-wikt-kyz.tab
data/wikt/wn-wikt-vai.tab
data/wikt/wn-wikt-zsm.tab
data/wikt/wn-wikt-mzp.tab
data/wikt/wn-wikt-mnw.tab
data/wikt/wn-wikt-myv.tab
data/wikt/wn-wikt-kui.tab
data/wikt/wn-wikt-rob.tab
data/wikt/wn-wikt-aqp.tab
data/wikt/wn-wikt-agr.tab
data/wikt/wn-wikt-dzo.tab
data/wikt/wn-wikt-xpu.tab
data/wikt/wn-wikt-kpg.tab
data/wikt/wn-wikt-mos.tab
data/wikt/wn-wikt-csb.tab
data/wikt/wn-wikt-xho.tab
data/wikt/wn-wikt-nia.tab
data/wikt/wn-wikt-pms.tab
data/wikt/wn-wikt-goh.tab
data/wikt/wn-wikt-mpu.tab
data/wikt/wn-wikt-kxd.tab
data/wikt/wn-wikt-ito.tab
data/wikt/wn-wikt-crh.tab
data/wikt/wn-wikt-mtm.tab
data/wikt/wn-wikt-mch.tab
data/wikt/wn-wikt-gld.tab
data/wikt/wn-wikt-nso.tab
data/wikt/wn-wikt-mrw.tab
data/wikt/wn-wikt-gil.tab
data/wikt/wn-wikt-uby.tab
data/wikt/wn-wikt-mjt.tab
data/wikt/wn-wikt-eus.tab
data/wikt/wn-wikt-mop.tab
data/wikt/wn-wikt-byn.tab
data/wikt/wn-wikt-luo.tab
data/wikt/wn-wikt-itl.tab
data/wikt/wn-wikt-clw.tab
data/wikt/wn-wikt-kic.tab
data/wikt/wn-wikt-ssb.tab
data/wikt/wn-wikt-tta.tab
data/wikt/wn-wikt-kon.tab
data/wikt/wn-wikt-chu.tab
data/wikt/wn-wikt-gdo.tab
data/wikt/wn-wikt-chc.tab
data/wikt/wn-wikt-enf.tab
data/wikt/wn-wikt-apu.tab
data/wikt/wn-wikt-taj.tab
data/wikt/wn-wikt-yun.tab
data/wikt/wn-wikt-mrv.tab
data/wikt/wn-wikt-aln.tab
data/wikt/wn-wikt-ybe.tab
data/wikt/wn-wikt-osx.tab
data/wikt/wn-wikt-*k.tab
data/wikt/wn-wikt-tuk.tab
data/wikt/wn-wikt-csm.tab
data/wikt/wn-wikt-ace.tab
data/wikt/wn-wikt-nno.tab
data/wikt/wn-wikt-gut.tab
data/wikt/wn-wikt-kyi.tab
data/wikt/wn-wikt-urd.tab
data/wikt/wn-wikt-mbn.tab
data/wikt/wn-wikt-ahg.tab
data/wikt/wn-wikt-kaa.tab
data/wikt/wn-wikt-bns.tab
data/wikt/wn-wikt-crx.tab
data/wikt/wn-wikt-kik.tab
data/wikt/wn-wikt-pkc.tab
data/wikt/wn-wikt-che.tab
data/wikt/wn-wikt-yij.tab
data/wikt/wn-wikt-pus.tab
data/wikt/wn-wikt-jac.tab
data/wikt/wn-wikt-gla.tab
data/wikt/wn-wikt-agx.tab
data/wikt/wn-wikt-myu.tab
data/wikt/wn-wikt-pli.tab
data/wikt/wn-wikt-zun.tab
data/wikt/wn-wikt-ccc.tab
data/wikt/wn-wikt-xaa.tab
data/wikt/wn-wikt-dig.tab
data/wikt/wn-wikt-*h.tab
data/wikt/wn-wikt-bdk.tab
data/wikt/wn-wikt-zkg.tab
data/wikt/wn-wikt-syc.tab
data/wikt/wn-wikt-sne.tab
data/wikt/wn-wikt-frm.tab
data/wikt/wn-wikt-toi.tab
data/wikt/wn-wikt-frr.tab
data/wikt/wn-wikt-vol.tab
data/wikt/wn-wikt-pag.tab
data/wikt/wn-wikt-syr.tab
data/wikt/wn-wikt-kau.tab
data/wikt/wn-wikt-cho.tab
data/wikt/wn-wikt-jct.tab
data/wikt/wn-wikt-pcd.tab
data/wikt/wn-wikt-gju.tab
data/wikt/wn-wikt-new.tab
data/wikt/wn-wikt-val.tab
data/wikt/wn-wikt-*dlc.tab
data/wikt/wn-wikt-bsk.tab
data/wikt/wn-wikt-lki.tab
data/wikt/wn-wikt-chn.tab
data/wikt/wn-wikt-win.tab
data/wikt/wn-wikt-fla.tab
data/wikt/wn-wikt-pab.tab
data/wikt/wn-wikt-kca.tab
data/wikt/wn-wikt-haw.tab
data/wikt/wn-wikt-zai.tab
data/wikt/wn-wikt-xal.tab
data/wikt/wn-wikt-tsi.tab
data/wikt/wn-wikt-kbd.tab
data/wikt/wn-wikt-tyv.tab
data/wikt/wn-wikt-kjh.tab
data/wikt/wn-wikt-ina.tab
data/wikt/wn-wikt-khb.tab
data/wikt/wn-wikt-vie.tab
data/wikt/wn-wikt-dje.tab
data/wikt/wn-wikt-xml.tab
data/wikt/wn-wikt-nan.tab
data/wikt/wn-wikt-slr.tab
data/wikt/wn-wikt-tig.tab
data/wikt/wn-wikt-sei.tab
data/wikt/wn-wikt-lit.tab
data/wikt/wn-wikt-mzr.tab
data/wikt/wn-wikt-sva.tab
data/wikt/wn-wikt-pqm.tab
data/wikt/wn-wikt-xan.tab
data/wikt/wn-wikt-iii.tab
data/wikt/wn-wikt-xzh.tab
data/wikt/wn-wikt-ajg.tab
data/wikt/wn-wikt-mwl.tab
data/wikt/wn-wikt-yua.tab
data/wikt/wn-wikt-pal.tab
data/wikt/wn-wikt-bgz.tab
data/wikt/wn-wikt-niu.tab
data/wikt/wn-wikt-smn.tab
data/wikt/wn-wikt-bla.tab
data/wikt/wn-wikt-orw.tab
data/wikt/wn-wikt-*roa-grn.tab
data/wikt/wn-wikt-ksd.tab
data/wikt/wn-wikt-yuy.tab
data/wikt/wn-wikt-afb.tab
data/wikt/wn-wikt-sxr.tab
data/wikt/wn-wikt-mfe.tab
data/wikt/wn-wikt-kjg.tab
data/wikt/wn-wikt-aau.tab
data/wikt/wn-wikt-sin.tab
data/wikt/wn-wikt-por.tab
data/wikt/wn-wikt-aas.tab
data/wikt/wn-wikt-bis.tab
data/wikt/wn-wikt-tdt.tab
data/wikt/wn-wikt-lez.tab
data/wikt/wn-wikt-ist.tab
data/wikt/wn-wikt-hsb.tab
data/wikt/wn-wikt-iku.tab
data/wikt/wn-wikt-nya.tab
data/wikt/wn-wikt-wlm.tab
data/wikt/wn-wikt-bbl.tab
data/wikt/wn-wikt-ark.tab
data/wikt/wn-wikt-hmw.tab
data/wikt/wn-wikt-kac.tab
data/wikt/wn-wikt-dan.tab
data/wikt/wn-wikt-*uogien?.tab
data/wikt/wn-wikt-lat.tab
data/wikt/wn-wikt-nio.tab
data/wikt/wn-wikt-yao.tab
data/wikt/wn-wikt-yok.tab
data/wikt/wn-wikt-dgc.tab
data/wikt/wn-wikt-*bh.tab
data/wikt/wn-wikt-mia.tab
data/wikt/wn-wikt-hah.tab
data/wikt/wn-wikt-ave.tab
data/wikt/wn-wikt-hix.tab
data/wikt/wn-wikt-ori.tab
data/wikt/wn-wikt-mad.tab
data/wikt/wn-wikt-gni.tab
data/wikt/wn-wikt-nrn.tab
data/wikt/wn-wikt-gwd.tab
data/wikt/wn-wikt-awt.tab
data/wikt/wn-wikt-odt.tab
data/wikt/wn-wikt-grs.tab
data/wikt/wn-wikt-raj.tab
data/wikt/wn-wikt-ltz.tab
data/wikt/wn-wikt-rmy.tab
data/wikt/wn-wikt-xpg.tab
data/wikt/wn-wikt-zku.tab
data/wikt/wn-wikt-ado.tab
data/wikt/wn-wikt-lbe.tab
data/wikt/wn-wikt-mlt.tab
data/wikt/wn-wikt-svk.tab
data/wikt/wn-wikt-kee.tab
data/wikt/wn-wikt-kva.tab
data/wikt/wn-wikt-ncg.tab
data/wikt/wn-wikt-lub.tab
data/wikt/wn-wikt-yrk.tab
data/wikt/wn-wikt-kqr.tab
data/wikt/wn-wikt-lim.tab
data/wikt/wn-wikt-aap.tab
data/wikt/wn-wikt-mel.tab
data/wikt/wn-wikt-ext.tab
data/wikt/wn-wikt-sdn.tab
data/wikt/wn-wikt-grn.tab
data/wikt/wn-wikt-tha.tab
data/wikt/wn-wikt-xld.tab
data/wikt/wn-wikt-man.tab
data/wikt/wn-wikt-mbj.tab
data/wikt/wn-wikt-esi.tab
data/wikt/wn-wikt-tcy.tab
data/wikt/wn-wikt-gez.tab
data/wikt/wn-wikt-aax.tab
data/wikt/wn-wikt-nob.tab
data/wikt/wn-wikt-heb.tab
data/wikt/wn-wikt-crs.tab
data/wikt/wn-wikt-mit.tab
data/wikt/wn-wikt-yaw.tab
data/wikt/wn-wikt-rom.tab
data/wikt/wn-wikt-gle.tab
data/wikt/wn-wikt-nov.tab
data/wikt/wn-wikt-mnc.tab
data/wikt/wn-wikt-dav.tab
data/wikt/wn-wikt-sro.tab
data/wikt/wn-wikt-rmq.tab
data/wikt/wn-wikt-kqn.tab
data/wikt/wn-wikt-yue.tab
data/wikt/wn-wikt-yid.tab
data/wikt/wn-wikt-sjw.tab
data/wikt/wn-wikt-kpt.tab
data/wikt/wn-wikt-amu.tab
data/wikt/wn-wikt-gue.tab
data/wikt/wn-wikt-luy.tab
data/wikt/wn-wikt-kal.tab
data/wikt/wn-wikt-div.tab
data/wikt/wn-wikt-dtp.tab
data/wikt/wn-wikt-pth.tab
data/wikt/wn-wikt-*cbk-zam.tab
data/wikt/wn-wikt-noo.tab
data/wikt/wn-wikt-nfr.tab
data/wikt/wn-wikt-xls.tab
data/wikt/wn-wikt-tgk.tab
data/wikt/wn-wikt-plu.tab
data/wikt/wn-wikt-bul.tab
data/wikt/wn-wikt-rad.tab
data/wikt/wn-wikt-asn.tab
data/wikt/wn-wikt-vmb.tab
data/wikt/wn-wikt-swe.tab
data/wikt/wn-wikt-kwk.tab
data/wikt/wn-wikt-apy.tab
data/wikt/wn-wikt-bal.tab
data/wikt/wn-wikt-cos.tab
data/wikt/wn-wikt-tam.tab
data/wikt/wn-wikt-chl.tab
data/wikt/wn-wikt-ama.tab
data/wikt/wn-wikt-hrx.tab
data/wikt/wn-wikt-xmf.tab
data/wikt/wn-wikt-vro.tab
data/wikt/wn-wikt-oko.tab
data/wikt/wn-wikt-tum.tab
data/wikt/wn-wikt-oni.tab
data/wikt/wn-wikt-trw.tab
data/wikt/wn-wikt-btd.tab
data/wikt/wn-wikt-sdc.tab
data/wikt/wn-wikt-kua.tab
data/wikt/wn-wikt-gcf.tab
data/wikt/wn-wikt-txi.tab
data/wikt/wn-wikt-wau.tab
data/wikt/wn-wikt-pap.tab
data/wikt/wn-wikt-bre.tab
data/wikt/wn-wikt-apc.tab
data/wikt/wn-wikt-asu.tab
data/wikt/wn-wikt-nep.tab
data/wikt/wn-wikt-sme.tab
data/wikt/wn-wikt-clm.tab
data/wikt/wn-wikt-alq.tab
data/wikt/wn-wikt-yuu.tab
data/wikt/wn-wikt-ple.tab
data/wikt/wn-wikt-cdo.tab
data/wikt/wn-wikt-*nds-de.tab
data/wikt/wn-wikt-hdy.tab
data/wikt/wn-wikt-nwy.tab
data/wikt/wn-wikt-scl.tab
data/wikt/wn-wikt-gub.tab
data/wikt/wn-wikt-stq.tab
data/wikt/wn-wikt-jav.tab
data/wikt/wn-wikt-ces.tab
data/wikt/wn-wikt-tdd.tab
data/wikt/wn-wikt-gvj.tab
data/wikt/wn-wikt-shh.tab
data/wikt/wn-wikt-smo.tab
data/wikt/wn-wikt-ppl.tab
data/wikt/wn-wikt-mus.tab
data/wikt/wn-wikt-nog.tab
data/wikt/wn-wikt-ban.tab
data/wikt/wn-wikt-klj.tab
data/wikt/wn-wikt-crn.tab
data/wikt/wn-wikt-ulc.tab
data/wikt/wn-wikt-mrc.tab
data/wikt/wn-wikt-cbi.tab
data/wikt/wn-wikt-zpq.tab
data/wikt/wn-wikt-ksi.tab
data/wikt/wn-wikt-pho.tab
data/wikt/wn-wikt-glk.tab
data/wikt/wn-wikt-liv.tab
data/wikt/wn-wikt-tay.tab
data/wikt/wn-wikt-bwi.tab
data/wikt/wn-wikt-guf.tab
data/wikt/wn-wikt-xbm.tab
data/wikt/wn-wikt-mht.tab
data/wikt/wn-wikt-akm.tab
data/wikt/wn-wikt-nij.tab
data/wikt/wn-wikt-oac.tab
data/wikt/wn-wikt-kkz.tab
data/wikt/wn-wikt-bod.tab
data/wikt/wn-wikt-uig.tab
data/wikt/wn-wikt-ktn.tab
data/wikt/wn-wikt-cod.tab
data/wikt/wn-wikt-hub.tab
data/wikt/wn-wikt-mar.tab
data/wikt/wn-wikt-dak.tab
data/wikt/wn-wikt-bxr.tab
data/wikt/wn-wikt-xrn.tab
data/wikt/wn-wikt-arb.tab
data/wikt/wn-wikt-ill.tab
data/wikt/wn-wikt-mic.tab
data/wikt/wn-wikt-mpm.tab
data/wikt/wn-wikt-mni.tab
data/wikt/wn-wikt-kzx.tab
data/wikt/wn-wikt-abq.tab
data/wikt/wn-wikt-com.tab
data/wikt/wn-wikt-yaq.tab
data/wikt/wn-wikt-egl.tab
data/wikt/wn-wikt-mha.tab
data/wikt/wn-wikt-bew.tab
data/wikt/wn-wikt-rhg.tab
data/wikt/wn-wikt-tel.tab
data/wikt/wn-wikt-abx.tab
data/wikt/wn-wikt-grc.tab
data/wikt/wn-wikt-dru.tab
data/wikt/wn-wikt-mki.tab
data/wikt/wn-wikt-bgs.tab
data/wikt/wn-wikt-mtp.tab
data/wikt/wn-wikt-yuf.tab
data/wikt/wn-wikt-tpn.tab
data/wikt/wn-wikt-cia.tab
data/wikt/wn-wikt-wym.tab
data/wikt/wn-wikt-tir.tab
data/wikt/wn-wikt-sac.tab
data/wikt/wn-wikt-bcl.tab
data/wikt/wn-wikt-pam.tab
data/wikt/wn-wikt-dsb.tab
data/wikt/wn-wikt-ncz.tab
data/wikt/wn-wikt-gmy.tab
data/wikt/wn-wikt-ulk.tab
data/wikt/wn-wikt-guj.tab
data/wikt/wn-wikt-sxn.tab
data/wikt/wn-wikt-abe.tab
data/wikt/wn-wikt-hnn.tab
data/wikt/wn-wikt-ket.tab
data/wikt/wn-wikt-apk.tab
data/wikt/wn-wikt-aar.tab
data/wikt/wn-wikt-kln.tab
data/wikt/wn-wikt-wln.tab
data/wikt/wn-wikt-kld.tab
data/wikt/wn-wikt-gin.tab
data/wikt/wn-wikt-fin.tab
data/wikt/wn-wikt-lkt.tab
data/wikt/wn-wikt-ava.tab
data/wikt/wn-wikt-cpg.tab
data/wikt/wn-wikt-ada.tab
data/wikt/wn-wikt-bjz.tab
data/wikt/wn-wikt-iba.tab
data/wikt/wn-wikt-avv.tab
data/wikt/wn-wikt-war.tab
data/wikt/wn-wikt-cps.tab
data/wikt/wn-wikt-pak.tab
data/wikt/wn-wikt-ljp.tab
data/wikt/wn-wikt-sgs.tab
data/wikt/wn-wikt-awa.tab
data/wikt/wn-wikt-xpm.tab
data/wikt/wn-wikt-apm.tab
data/wikt/wn-wikt-gay.tab
data/wikt/wn-wikt-uun.tab
data/wikt/wn-wikt-mmh.tab
data/wikt/wn-wikt-swg.tab
data/wikt/wn-wikt-khm.tab
data/wikt/wn-wikt-ita.tab
data/wikt/wn-wikt-ale.tab
data/wikt/wn-wikt-akv.tab
data/wikt/wn-wikt-ast.tab
data/wikt/wn-wikt-dar.tab
data/wikt/wn-wikt-miq.tab
data/wikt/wn-wikt-nez.tab
data/wikt/wn-wikt-sun.tab
data/wikt/wn-wikt-apj.tab
data/wikt/wn-wikt-kxb.tab
data/wikt/wn-wikt-msw.tab
data/wikt/wn-wikt-phn.tab
data/wikt/wn-wikt-xmr.tab
data/wikt/wn-wikt-*roa-leo.tab
data/wikt/wn-wikt-chr.tab
data/wikt/wn-wikt-pih.tab
data/wikt/wn-wikt-fpe.tab
data/wikt/wn-wikt-kla.tab
data/wikt/wn-wikt-meo.tab
data/wikt/wn-wikt-kab.tab
data/wikt/wn-wikt-kea.tab
data/wikt/wn-wikt-agm.tab
data/wikt/wn-wikt-bzd.tab
data/wikt/wn-wikt-mhr.tab
data/wikt/wn-wikt-*dk.tab
data/wikt/wn-wikt-ike.tab
data/wikt/wn-wikt-thp.tab
data/wikt/wn-wikt-pau.tab
data/wikt/wn-wikt-mah.tab
data/wikt/wn-wikt-gaa.tab
data/wikt/wn-wikt-tet.tab
data/wikt/wn-wikt-har.tab
data/wikt/wn-wikt-kmr.tab
data/wikt/wn-wikt-top.tab
data/wikt/wn-wikt-nbe.tab
data/wikt/wn-wikt-fra.tab
data/wikt/wn-wikt-nmk.tab
data/wikt/wn-wikt-ddo.tab
data/wikt/wn-wikt-mek.tab
data/wikt/wn-wikt-cjm.tab
data/wikt/wn-wikt-orm.tab
data/wikt/wn-wikt-sms.tab
data/wikt/wn-wikt-fij.tab
data/wikt/wn-wikt-pos.tab
data/wikt/wn-wikt-cre.tab
data/wikt/wn-wikt-som.tab
data/wikt/wn-wikt-xcl.tab
data/wikt/wn-wikt-ota.tab
data/wikt/wn-wikt-nbc.tab
data/wikt/wn-wikt-rut.tab
data/wikt/wn-wikt-kzj.tab
data/wikt/wn-wikt-sux.tab
data/wikt/wn-wikt-bdy.tab
data/wikt/wn-wikt-aiw.tab
data/wikt/wn-wikt-adw.tab
data/wikt/wn-wikt-srn.tab
data/wikt/wn-wikt-jbo.tab
data/wikt/wn-wikt-one.tab
data/wikt/wn-wikt-kry.tab
data/wikt/wn-wikt-fuc.tab
data/wikt/wn-wikt-dny.tab
data/wikt/wn-wikt-isl.tab
data/wikt/wn-wikt-aby.tab
data/wikt/wn-wikt-aqc.tab
data/wikt/wn-wikt-azb.tab
data/wikt/wn-wikt-deu.tab
data/wikt/wn-wikt-ctu.tab
data/wikt/wn-wikt-kin.tab
data/wikt/wn-wikt-stv.tab
data/wikt/wn-wikt-udi.tab
data/wikt/wn-wikt-bfq.tab
data/wikt/wn-wikt-ady.tab
data/README
